[2020-07-12T13:07:55.668] [INFO] default - log4js has been initialized
[2020-07-12T13:07:55.672] [INFO] default - trying login.. because of DEV mode
[2020-07-12T13:07:55.724] [INFO] default - session initialized
[2020-07-12T13:07:55.744] [INFO] default -  Server is listening on port 21022
[2020-07-12T13:07:55.774] [INFO] default - logged in!
[2020-07-12T15:32:50.774] [INFO] default - log4js has been initialized
[2020-07-12T15:32:50.777] [INFO] default - trying login.. because of DEV mode
[2020-07-12T15:32:50.822] [INFO] default - session initialized
[2020-07-12T15:32:50.823] [INFO] default -  Server is listening on port 21022
[2020-07-12T15:32:50.831] [INFO] default - logged in!
[2020-07-12T15:32:58.186] [INFO] default - log4js has been initialized
[2020-07-12T15:32:58.190] [INFO] default - trying login.. because of DEV mode
[2020-07-12T15:32:58.249] [INFO] default - session initialized
[2020-07-12T15:32:58.250] [INFO] default -  Server is listening on port 21022
[2020-07-12T15:32:58.261] [INFO] default - logged in!
[2020-07-12T15:34:35.316] [INFO] default - log4js has been initialized
[2020-07-12T15:34:35.319] [INFO] default - trying login.. because of DEV mode
[2020-07-12T15:34:35.366] [INFO] default - session initialized
[2020-07-12T15:34:35.368] [INFO] default -  Server is listening on port 21022
[2020-07-12T15:34:35.385] [INFO] default - logged in!
[2020-07-12T15:40:02.414] [INFO] default - log4js has been initialized
[2020-07-12T15:40:02.416] [INFO] default - trying login.. because of DEV mode
[2020-07-12T15:40:02.461] [INFO] default - session initialized
[2020-07-12T15:40:02.462] [INFO] default -  Server is listening on port 21022
[2020-07-12T15:40:02.610] [INFO] default - logged in!
[2020-07-12T15:47:28.442] [INFO] default - log4js has been initialized
[2020-07-12T15:47:28.446] [INFO] default - trying login.. because of DEV mode
[2020-07-12T15:47:28.499] [INFO] default - session initialized
[2020-07-12T15:47:28.500] [INFO] default -  Server is listening on port 21022
[2020-07-12T15:47:28.587] [INFO] default - logged in!
[2020-07-12T15:47:33.219] [INFO] default - log4js has been initialized
[2020-07-12T15:47:33.222] [INFO] default - trying login.. because of DEV mode
[2020-07-12T15:47:33.272] [INFO] default - session initialized
[2020-07-12T15:47:33.274] [INFO] default -  Server is listening on port 21022
[2020-07-12T15:47:33.284] [INFO] default - logged in!
[2020-07-12T15:47:53.510] [INFO] default - log4js has been initialized
[2020-07-12T15:47:53.514] [INFO] default - trying login.. because of DEV mode
[2020-07-12T15:47:53.566] [INFO] default - session initialized
[2020-07-12T15:47:53.567] [INFO] default -  Server is listening on port 21022
[2020-07-12T15:47:53.625] [INFO] default - logged in!
[2020-07-12T15:48:27.398] [INFO] default - log4js has been initialized
[2020-07-12T15:48:27.402] [INFO] default - trying login.. because of DEV mode
[2020-07-12T15:48:27.489] [INFO] default - session initialized
[2020-07-12T15:48:27.491] [INFO] default -  Server is listening on port 21022
[2020-07-12T15:48:27.507] [INFO] default - logged in!
[2020-07-12T15:50:21.527] [INFO] default - log4js has been initialized
[2020-07-12T15:50:21.532] [INFO] default - trying login.. because of DEV mode
[2020-07-12T15:50:21.602] [INFO] default - session initialized
[2020-07-12T15:50:21.604] [INFO] default -  Server is listening on port 21022
[2020-07-12T15:50:21.611] [INFO] default - logged in!
[2020-07-12T15:52:01.804] [INFO] default - log4js has been initialized
[2020-07-12T15:52:01.813] [INFO] default - trying login.. because of DEV mode
[2020-07-12T15:52:01.924] [INFO] default - session initialized
[2020-07-12T15:52:01.926] [INFO] default -  Server is listening on port 21022
[2020-07-12T15:52:01.938] [INFO] default - logged in!
[2020-07-12T15:54:36.909] [INFO] default - log4js has been initialized
[2020-07-12T15:54:36.923] [INFO] default - trying login.. because of DEV mode
[2020-07-12T15:54:37.016] [INFO] default - session initialized
[2020-07-12T15:54:37.019] [INFO] default -  Server is listening on port 21022
[2020-07-12T15:54:37.029] [INFO] default - logged in!
[2020-07-12T15:54:38.144] [INFO] default - log4js has been initialized
[2020-07-12T15:54:38.148] [INFO] default - trying login.. because of DEV mode
[2020-07-12T15:54:38.224] [INFO] default - session initialized
[2020-07-12T15:54:38.226] [INFO] default -  Server is listening on port 21022
[2020-07-12T15:54:38.235] [INFO] default - logged in!
[2020-07-12T15:55:34.419] [INFO] default - log4js has been initialized
[2020-07-12T15:55:34.423] [INFO] default - trying login.. because of DEV mode
[2020-07-12T15:55:34.500] [INFO] default - session initialized
[2020-07-12T15:55:34.503] [INFO] default -  Server is listening on port 21022
[2020-07-12T15:55:34.518] [INFO] default - logged in!
[2020-07-12T15:59:41.383] [INFO] default - log4js has been initialized
[2020-07-12T15:59:41.387] [INFO] default - trying login.. because of DEV mode
[2020-07-12T15:59:41.473] [INFO] default - session initialized
[2020-07-12T15:59:41.485] [INFO] default -  Server is listening on port 21022
[2020-07-12T15:59:41.543] [INFO] default - logged in!
[2020-07-12T16:01:18.129] [INFO] default - log4js has been initialized
[2020-07-12T16:01:18.133] [INFO] default - trying login.. because of DEV mode
[2020-07-12T16:01:18.207] [INFO] default - session initialized
[2020-07-12T16:01:18.210] [INFO] default -  Server is listening on port 21022
[2020-07-12T16:01:18.224] [INFO] default - logged in!
[2020-07-12T16:01:34.835] [INFO] default - log4js has been initialized
[2020-07-12T16:01:34.841] [INFO] default - trying login.. because of DEV mode
[2020-07-12T16:01:34.909] [INFO] default - session initialized
[2020-07-12T16:01:34.912] [INFO] default -  Server is listening on port 21022
[2020-07-12T16:01:34.924] [INFO] default - logged in!
[2020-07-12T16:01:53.859] [INFO] default - log4js has been initialized
[2020-07-12T16:01:53.860] [INFO] default - trying login.. because of DEV mode
[2020-07-12T16:01:53.904] [INFO] default - session initialized
[2020-07-12T16:01:53.905] [INFO] default -  Server is listening on port 21022
[2020-07-12T16:01:54.052] [INFO] default - logged in!
[2020-07-12T16:05:35.664] [INFO] default - log4js has been initialized
[2020-07-12T16:05:35.692] [INFO] default - trying login.. because of DEV mode
[2020-07-12T16:05:35.758] [INFO] default - session initialized
[2020-07-12T16:05:35.760] [INFO] default -  Server is listening on port 21022
[2020-07-12T16:05:35.773] [INFO] default - logged in!
[2020-07-12T16:10:33.186] [INFO] default - log4js has been initialized
[2020-07-12T16:10:33.221] [INFO] default - trying login.. because of DEV mode
[2020-07-12T16:10:33.316] [INFO] default - session initialized
[2020-07-12T16:10:33.319] [INFO] default -  Server is listening on port 21022
[2020-07-12T16:10:33.328] [INFO] default - logged in!
[2020-07-12T16:15:35.294] [INFO] default - log4js has been initialized
[2020-07-12T16:15:35.334] [INFO] default - trying login.. because of DEV mode
[2020-07-12T16:15:35.413] [INFO] default - session initialized
[2020-07-12T16:15:35.417] [INFO] default -  Server is listening on port 21022
[2020-07-12T16:15:35.425] [INFO] default - logged in!
